2015/10/28 09:19:08 [error] [exception.CException] exception 'CException' with message 'Property "ContactForm.Nombre" is not defined.' in C:\wamp\www\yii\framework\base\CComponent.php:130
Stack trace:
#0 C:\wamp\www\yii\framework\web\helpers\CHtml.php(2729): CComponent->__get('Nombre')
#1 C:\wamp\www\yii\framework\web\helpers\CHtml.php(2452): CHtml::resolveValue(Object(ContactForm), 'Nombre')
#2 C:\wamp\www\yii\framework\web\helpers\CHtml.php(1534): CHtml::activeInputField('text', Object(ContactForm), 'Nombre', Array)
#3 C:\wamp\www\yii\framework\web\widgets\CActiveForm.php(792): CHtml::activeTextField(Object(ContactForm), 'Nombre', Array)
#4 C:\wamp\www\pruebacantv\protected\views\site\contact.php(42): CActiveForm->textField(Object(ContactForm), 'Nombre')
#5 C:\wamp\www\yii\framework\web\CBaseController.php(126): require('C:\\wamp\\www\\pru...')
#6 C:\wamp\www\yii\framework\web\CBaseController.php(95): CBaseController->renderInternal('C:\\wamp\\www\\pru...', Array, true)
#7 C:\wamp\www\yii\framework\web\CController.php(869): CBaseController->renderFile('C:\\wamp\\www\\pru...', Array, true)
#8 C:\wamp\www\yii\framework\web\CController.php(782): CController->renderPartial('contact', Array, true)
#9 C:\wamp\www\pruebacantv\protected\controllers\SiteController.php(72): CController->render('contact', Array)
#10 C:\wamp\www\yii\framework\web\actions\CInlineAction.php(49): SiteController->actionContact()
#11 C:\wamp\www\yii\framework\web\CController.php(308): CInlineAction->runWithParams(Array)
#12 C:\wamp\www\yii\framework\web\CController.php(286): CController->runAction(Object(CInlineAction))
#13 C:\wamp\www\yii\framework\web\CController.php(265): CController->runActionWithFilters(Object(CInlineAction), Array)
#14 C:\wamp\www\yii\framework\web\CWebApplication.php(282): CController->run('contact')
#15 C:\wamp\www\yii\framework\web\CWebApplication.php(141): CWebApplication->runController('site/contact')
#16 C:\wamp\www\yii\framework\base\CApplication.php(184): CWebApplication->processRequest()
#17 C:\wamp\www\pruebacantv\index.php(13): CApplication->run()
#18 {main}
REQUEST_URI=/pruebacantv/index.php?r=site/contact
HTTP_REFERER=http://localhost/pruebacantv/index.php?r=site/page&view=about
---
2015/10/29 01:37:09 [error] [exception.CHttpException.404] exception 'CHttpException' with message 'Unable to resolve the request "gii".' in C:\wamp\www\yii\framework\web\CWebApplication.php:286
Stack trace:
#0 C:\wamp\www\yii\framework\web\CWebApplication.php(141): CWebApplication->runController('gii')
#1 C:\wamp\www\yii\framework\base\CApplication.php(184): CWebApplication->processRequest()
#2 C:\wamp\www\pruebacantv\index.php(13): CApplication->run()
#3 {main}
REQUEST_URI=/pruebacantv/index.php?r=gii
---
2015/10/29 03:06:25 [error] [exception.CHttpException.404] exception 'CHttpException' with message 'Unable to resolve the request "gii/module/index".' in C:\wamp\www\yii\framework\web\CWebApplication.php:286
Stack trace:
#0 C:\wamp\www\yii\framework\web\CWebApplication.php(141): CWebApplication->runController('gii/module/inde...')
#1 C:\wamp\www\yii\framework\base\CApplication.php(184): CWebApplication->processRequest()
#2 C:\wamp\www\pruebacantv\index.php(13): CApplication->run()
#3 {main}
REQUEST_URI=/pruebacantv/index.php?r=gii/module/index
HTTP_REFERER=http://localhost/pruebacantv/index.php?r=gii/module/index
---
2015/10/29 03:20:09 [error] [exception.CException] exception 'CException' with message 'Alias "application.modules.trabajador.models.trabajadorlist" is invalid. Make sure it points to an existing PHP file and the file is readable.' in C:\wamp\www\yii\framework\YiiBase.php:323
Stack trace:
#0 C:\wamp\www\yii\framework\gii\generators\crud\CrudCode.php(59): YiiBase::import('application.mod...', true)
#1 C:\wamp\www\yii\framework\validators\CInlineValidator.php(42): CrudCode->validateModel('model', Array)
#2 C:\wamp\www\yii\framework\validators\CValidator.php(201): CInlineValidator->validateAttribute(Object(CrudCode), 'model')
#3 C:\wamp\www\yii\framework\base\CModel.php(159): CValidator->validate(Object(CrudCode), NULL)
#4 C:\wamp\www\yii\framework\gii\CCodeGenerator.php(159): CModel->validate()
#5 C:\wamp\www\yii\framework\gii\CCodeGenerator.php(63): CCodeGenerator->prepare()
#6 C:\wamp\www\yii\framework\web\actions\CInlineAction.php(49): CCodeGenerator->actionIndex()
#7 C:\wamp\www\yii\framework\web\CController.php(308): CInlineAction->runWithParams(Array)
#8 C:\wamp\www\yii\framework\web\CController.php(286): CController->runAction(Object(CInlineAction))
#9 C:\wamp\www\yii\framework\web\CController.php(265): CController->runActionWithFilters(Object(CInlineAction), Array)
#10 C:\wamp\www\yii\framework\web\CWebApplication.php(282): CController->run('index')
#11 C:\wamp\www\yii\framework\web\CWebApplication.php(141): CWebApplication->runController('gii/crud/index')
#12 C:\wamp\www\yii\framework\base\CApplication.php(184): CWebApplication->processRequest()
#13 C:\wamp\www\pruebacantv\index.php(13): CApplication->run()
#14 {main}
REQUEST_URI=/pruebacantv/index.php?r=gii/crud/index
HTTP_REFERER=http://localhost/pruebacantv/index.php?r=gii/crud/index
---
2015/10/29 03:20:59 [error] [exception.CException] exception 'CException' with message 'Alias "application.modules.trabajador.models.Trabajadorlist" is invalid. Make sure it points to an existing PHP file and the file is readable.' in C:\wamp\www\yii\framework\YiiBase.php:323
Stack trace:
#0 C:\wamp\www\yii\framework\gii\generators\crud\CrudCode.php(59): YiiBase::import('application.mod...', true)
#1 C:\wamp\www\yii\framework\validators\CInlineValidator.php(42): CrudCode->validateModel('model', Array)
#2 C:\wamp\www\yii\framework\validators\CValidator.php(201): CInlineValidator->validateAttribute(Object(CrudCode), 'model')
#3 C:\wamp\www\yii\framework\base\CModel.php(159): CValidator->validate(Object(CrudCode), NULL)
#4 C:\wamp\www\yii\framework\gii\CCodeGenerator.php(159): CModel->validate()
#5 C:\wamp\www\yii\framework\gii\CCodeGenerator.php(63): CCodeGenerator->prepare()
#6 C:\wamp\www\yii\framework\web\actions\CInlineAction.php(49): CCodeGenerator->actionIndex()
#7 C:\wamp\www\yii\framework\web\CController.php(308): CInlineAction->runWithParams(Array)
#8 C:\wamp\www\yii\framework\web\CController.php(286): CController->runAction(Object(CInlineAction))
#9 C:\wamp\www\yii\framework\web\CController.php(265): CController->runActionWithFilters(Object(CInlineAction), Array)
#10 C:\wamp\www\yii\framework\web\CWebApplication.php(282): CController->run('index')
#11 C:\wamp\www\yii\framework\web\CWebApplication.php(141): CWebApplication->runController('gii/crud/index')
#12 C:\wamp\www\yii\framework\base\CApplication.php(184): CWebApplication->processRequest()
#13 C:\wamp\www\pruebacantv\index.php(13): CApplication->run()
#14 {main}
REQUEST_URI=/pruebacantv/index.php?r=gii/crud/index
HTTP_REFERER=http://localhost/pruebacantv/index.php?r=gii/crud/index
---
2015/10/29 03:22:26 [error] [exception.CException] exception 'CException' with message 'Alias "application.modules.trabajador.models.Trabajador" is invalid. Make sure it points to an existing PHP file and the file is readable.' in C:\wamp\www\yii\framework\YiiBase.php:323
Stack trace:
#0 C:\wamp\www\yii\framework\gii\generators\crud\CrudCode.php(59): YiiBase::import('application.mod...', true)
#1 C:\wamp\www\yii\framework\validators\CInlineValidator.php(42): CrudCode->validateModel('model', Array)
#2 C:\wamp\www\yii\framework\validators\CValidator.php(201): CInlineValidator->validateAttribute(Object(CrudCode), 'model')
#3 C:\wamp\www\yii\framework\base\CModel.php(159): CValidator->validate(Object(CrudCode), NULL)
#4 C:\wamp\www\yii\framework\gii\CCodeGenerator.php(159): CModel->validate()
#5 C:\wamp\www\yii\framework\gii\CCodeGenerator.php(63): CCodeGenerator->prepare()
#6 C:\wamp\www\yii\framework\web\actions\CInlineAction.php(49): CCodeGenerator->actionIndex()
#7 C:\wamp\www\yii\framework\web\CController.php(308): CInlineAction->runWithParams(Array)
#8 C:\wamp\www\yii\framework\web\CController.php(286): CController->runAction(Object(CInlineAction))
#9 C:\wamp\www\yii\framework\web\CController.php(265): CController->runActionWithFilters(Object(CInlineAction), Array)
#10 C:\wamp\www\yii\framework\web\CWebApplication.php(282): CController->run('index')
#11 C:\wamp\www\yii\framework\web\CWebApplication.php(141): CWebApplication->runController('gii/crud/index')
#12 C:\wamp\www\yii\framework\base\CApplication.php(184): CWebApplication->processRequest()
#13 C:\wamp\www\pruebacantv\index.php(13): CApplication->run()
#14 {main}
REQUEST_URI=/pruebacantv/index.php?r=gii/crud/index
HTTP_REFERER=http://localhost/pruebacantv/index.php?r=gii/crud/index
---
2015/10/29 03:22:34 [error] [exception.CException] exception 'CException' with message 'Alias "application.modules.trabajador.models.Trabajador" is invalid. Make sure it points to an existing PHP file and the file is readable.' in C:\wamp\www\yii\framework\YiiBase.php:323
Stack trace:
#0 C:\wamp\www\yii\framework\gii\generators\crud\CrudCode.php(59): YiiBase::import('application.mod...', true)
#1 C:\wamp\www\yii\framework\validators\CInlineValidator.php(42): CrudCode->validateModel('model', Array)
#2 C:\wamp\www\yii\framework\validators\CValidator.php(201): CInlineValidator->validateAttribute(Object(CrudCode), 'model')
#3 C:\wamp\www\yii\framework\base\CModel.php(159): CValidator->validate(Object(CrudCode), NULL)
#4 C:\wamp\www\yii\framework\gii\CCodeGenerator.php(159): CModel->validate()
#5 C:\wamp\www\yii\framework\gii\CCodeGenerator.php(63): CCodeGenerator->prepare()
#6 C:\wamp\www\yii\framework\web\actions\CInlineAction.php(49): CCodeGenerator->actionIndex()
#7 C:\wamp\www\yii\framework\web\CController.php(308): CInlineAction->runWithParams(Array)
#8 C:\wamp\www\yii\framework\web\CController.php(286): CController->runAction(Object(CInlineAction))
#9 C:\wamp\www\yii\framework\web\CController.php(265): CController->runActionWithFilters(Object(CInlineAction), Array)
#10 C:\wamp\www\yii\framework\web\CWebApplication.php(282): CController->run('index')
#11 C:\wamp\www\yii\framework\web\CWebApplication.php(141): CWebApplication->runController('gii/crud/index')
#12 C:\wamp\www\yii\framework\base\CApplication.php(184): CWebApplication->processRequest()
#13 C:\wamp\www\pruebacantv\index.php(13): CApplication->run()
#14 {main}
REQUEST_URI=/pruebacantv/index.php?r=gii/crud/index
HTTP_REFERER=http://localhost/pruebacantv/index.php?r=gii/crud/index
---
2015/10/29 03:22:44 [error] [exception.CException] exception 'CException' with message 'Alias "application.modules.trabajador.models.Trabajador" is invalid. Make sure it points to an existing PHP file and the file is readable.' in C:\wamp\www\yii\framework\YiiBase.php:323
Stack trace:
#0 C:\wamp\www\yii\framework\gii\generators\crud\CrudCode.php(59): YiiBase::import('application.mod...', true)
#1 C:\wamp\www\yii\framework\validators\CInlineValidator.php(42): CrudCode->validateModel('model', Array)
#2 C:\wamp\www\yii\framework\validators\CValidator.php(201): CInlineValidator->validateAttribute(Object(CrudCode), 'model')
#3 C:\wamp\www\yii\framework\base\CModel.php(159): CValidator->validate(Object(CrudCode), NULL)
#4 C:\wamp\www\yii\framework\gii\CCodeGenerator.php(159): CModel->validate()
#5 C:\wamp\www\yii\framework\gii\CCodeGenerator.php(63): CCodeGenerator->prepare()
#6 C:\wamp\www\yii\framework\web\actions\CInlineAction.php(49): CCodeGenerator->actionIndex()
#7 C:\wamp\www\yii\framework\web\CController.php(308): CInlineAction->runWithParams(Array)
#8 C:\wamp\www\yii\framework\web\CController.php(286): CController->runAction(Object(CInlineAction))
#9 C:\wamp\www\yii\framework\web\CController.php(265): CController->runActionWithFilters(Object(CInlineAction), Array)
#10 C:\wamp\www\yii\framework\web\CWebApplication.php(282): CController->run('index')
#11 C:\wamp\www\yii\framework\web\CWebApplication.php(141): CWebApplication->runController('gii/crud/index')
#12 C:\wamp\www\yii\framework\base\CApplication.php(184): CWebApplication->processRequest()
#13 C:\wamp\www\pruebacantv\index.php(13): CApplication->run()
#14 {main}
REQUEST_URI=/pruebacantv/index.php?r=gii/crud/index
HTTP_REFERER=http://localhost/pruebacantv/index.php?r=gii/crud/index
---
2015/10/29 03:31:40 [error] [exception.CException] exception 'CException' with message 'Alias "app.modules.trabajador.models.Trabajador" is invalid. Make sure it points to an existing directory or file.' in C:\wamp\www\yii\framework\YiiBase.php:348
Stack trace:
#0 C:\wamp\www\yii\framework\gii\generators\crud\CrudCode.php(59): YiiBase::import('app.modules.tra...', true)
#1 C:\wamp\www\yii\framework\validators\CInlineValidator.php(42): CrudCode->validateModel('model', Array)
#2 C:\wamp\www\yii\framework\validators\CValidator.php(201): CInlineValidator->validateAttribute(Object(CrudCode), 'model')
#3 C:\wamp\www\yii\framework\base\CModel.php(159): CValidator->validate(Object(CrudCode), NULL)
#4 C:\wamp\www\yii\framework\gii\CCodeGenerator.php(159): CModel->validate()
#5 C:\wamp\www\yii\framework\gii\CCodeGenerator.php(63): CCodeGenerator->prepare()
#6 C:\wamp\www\yii\framework\web\actions\CInlineAction.php(49): CCodeGenerator->actionIndex()
#7 C:\wamp\www\yii\framework\web\CController.php(308): CInlineAction->runWithParams(Array)
#8 C:\wamp\www\yii\framework\web\CController.php(286): CController->runAction(Object(CInlineAction))
#9 C:\wamp\www\yii\framework\web\CController.php(265): CController->runActionWithFilters(Object(CInlineAction), Array)
#10 C:\wamp\www\yii\framework\web\CWebApplication.php(282): CController->run('index')
#11 C:\wamp\www\yii\framework\web\CWebApplication.php(141): CWebApplication->runController('gii/crud/index')
#12 C:\wamp\www\yii\framework\base\CApplication.php(184): CWebApplication->processRequest()
#13 C:\wamp\www\pruebacantv\index.php(13): CApplication->run()
#14 {main}
REQUEST_URI=/pruebacantv/index.php?r=gii/crud/index
HTTP_REFERER=http://localhost/pruebacantv/index.php?r=gii/crud/index
---
2015/10/29 03:35:42 [error] [exception.CException] exception 'CException' with message 'Alias "application.modules.trabajador.models.Trabajador" is invalid. Make sure it points to an existing PHP file and the file is readable.' in C:\wamp\www\yii\framework\YiiBase.php:323
Stack trace:
#0 C:\wamp\www\yii\framework\gii\generators\crud\CrudCode.php(59): YiiBase::import('application.mod...', true)
#1 C:\wamp\www\yii\framework\validators\CInlineValidator.php(42): CrudCode->validateModel('model', Array)
#2 C:\wamp\www\yii\framework\validators\CValidator.php(201): CInlineValidator->validateAttribute(Object(CrudCode), 'model')
#3 C:\wamp\www\yii\framework\base\CModel.php(159): CValidator->validate(Object(CrudCode), NULL)
#4 C:\wamp\www\yii\framework\gii\CCodeGenerator.php(159): CModel->validate()
#5 C:\wamp\www\yii\framework\gii\CCodeGenerator.php(63): CCodeGenerator->prepare()
#6 C:\wamp\www\yii\framework\web\actions\CInlineAction.php(49): CCodeGenerator->actionIndex()
#7 C:\wamp\www\yii\framework\web\CController.php(308): CInlineAction->runWithParams(Array)
#8 C:\wamp\www\yii\framework\web\CController.php(286): CController->runAction(Object(CInlineAction))
#9 C:\wamp\www\yii\framework\web\CController.php(265): CController->runActionWithFilters(Object(CInlineAction), Array)
#10 C:\wamp\www\yii\framework\web\CWebApplication.php(282): CController->run('index')
#11 C:\wamp\www\yii\framework\web\CWebApplication.php(141): CWebApplication->runController('gii/crud/index')
#12 C:\wamp\www\yii\framework\base\CApplication.php(184): CWebApplication->processRequest()
#13 C:\wamp\www\pruebacantv\index.php(13): CApplication->run()
#14 {main}
REQUEST_URI=/pruebacantv/index.php?r=gii/crud/index
HTTP_REFERER=http://localhost/pruebacantv/index.php?r=gii/crud/index
---
2015/10/29 03:37:02 [error] [exception.CException] exception 'CException' with message 'Alias "trabajador.TrabajadorModule" is invalid. Make sure it points to an existing PHP file and the file is readable.' in C:\wamp\www\yii\framework\YiiBase.php:323
Stack trace:
#0 C:\wamp\www\yii\framework\YiiBase.php(196): YiiBase::import('trabajador.Trab...', true)
#1 C:\wamp\www\yii\framework\base\CModule.php(282): YiiBase::createComponent('trabajador.Trab...', 'trabajador', NULL, Array)
#2 C:\wamp\www\yii\framework\web\CWebApplication.php(337): CModule->getModule('trabajador')
#3 C:\wamp\www\yii\framework\web\CWebApplication.php(276): CWebApplication->createController('trabajador')
#4 C:\wamp\www\yii\framework\web\CWebApplication.php(141): CWebApplication->runController('trabajador')
#5 C:\wamp\www\yii\framework\base\CApplication.php(184): CWebApplication->processRequest()
#6 C:\wamp\www\pruebacantv\index.php(13): CApplication->run()
#7 {main}
REQUEST_URI=/pruebacantv/index.php?r=trabajador
HTTP_REFERER=http://localhost/pruebacantv/index.php?r=gii/module/index
---
2015/10/29 04:22:43 [error] [exception.CException] exception 'CException' with message 'Alias "application.models.Trabajador" is invalid. Make sure it points to an existing PHP file and the file is readable.' in C:\wamp\www\yii\framework\YiiBase.php:323
Stack trace:
#0 C:\wamp\www\yii\framework\gii\generators\crud\CrudCode.php(59): YiiBase::import('application.mod...', true)
#1 C:\wamp\www\yii\framework\validators\CInlineValidator.php(42): CrudCode->validateModel('model', Array)
#2 C:\wamp\www\yii\framework\validators\CValidator.php(201): CInlineValidator->validateAttribute(Object(CrudCode), 'model')
#3 C:\wamp\www\yii\framework\base\CModel.php(159): CValidator->validate(Object(CrudCode), NULL)
#4 C:\wamp\www\yii\framework\gii\CCodeGenerator.php(159): CModel->validate()
#5 C:\wamp\www\yii\framework\gii\CCodeGenerator.php(63): CCodeGenerator->prepare()
#6 C:\wamp\www\yii\framework\web\actions\CInlineAction.php(49): CCodeGenerator->actionIndex()
#7 C:\wamp\www\yii\framework\web\CController.php(308): CInlineAction->runWithParams(Array)
#8 C:\wamp\www\yii\framework\web\CController.php(286): CController->runAction(Object(CInlineAction))
#9 C:\wamp\www\yii\framework\web\CController.php(265): CController->runActionWithFilters(Object(CInlineAction), Array)
#10 C:\wamp\www\yii\framework\web\CWebApplication.php(282): CController->run('index')
#11 C:\wamp\www\yii\framework\web\CWebApplication.php(141): CWebApplication->runController('gii/crud/index')
#12 C:\wamp\www\yii\framework\base\CApplication.php(184): CWebApplication->processRequest()
#13 C:\wamp\www\pruebacantv\index.php(13): CApplication->run()
#14 {main}
REQUEST_URI=/pruebacantv/index.php?r=gii/crud/index
HTTP_REFERER=http://localhost/pruebacantv/index.php?r=gii/crud/index
---
2015/10/29 04:32:13 [error] [exception.CException] exception 'CException' with message 'Alias "applicacion.modules.Usuario.models.Trabajador" is invalid. Make sure it points to an existing directory or file.' in C:\wamp\www\yii\framework\YiiBase.php:348
Stack trace:
#0 C:\wamp\www\yii\framework\gii\generators\crud\CrudCode.php(59): YiiBase::import('applicacion.mod...', true)
#1 C:\wamp\www\yii\framework\validators\CInlineValidator.php(42): CrudCode->validateModel('model', Array)
#2 C:\wamp\www\yii\framework\validators\CValidator.php(201): CInlineValidator->validateAttribute(Object(CrudCode), 'model')
#3 C:\wamp\www\yii\framework\base\CModel.php(159): CValidator->validate(Object(CrudCode), NULL)
#4 C:\wamp\www\yii\framework\gii\CCodeGenerator.php(159): CModel->validate()
#5 C:\wamp\www\yii\framework\gii\CCodeGenerator.php(63): CCodeGenerator->prepare()
#6 C:\wamp\www\yii\framework\web\actions\CInlineAction.php(49): CCodeGenerator->actionIndex()
#7 C:\wamp\www\yii\framework\web\CController.php(308): CInlineAction->runWithParams(Array)
#8 C:\wamp\www\yii\framework\web\CController.php(286): CController->runAction(Object(CInlineAction))
#9 C:\wamp\www\yii\framework\web\CController.php(265): CController->runActionWithFilters(Object(CInlineAction), Array)
#10 C:\wamp\www\yii\framework\web\CWebApplication.php(282): CController->run('index')
#11 C:\wamp\www\yii\framework\web\CWebApplication.php(141): CWebApplication->runController('gii/crud/index')
#12 C:\wamp\www\yii\framework\base\CApplication.php(184): CWebApplication->processRequest()
#13 C:\wamp\www\pruebacantv\index.php(13): CApplication->run()
#14 {main}
REQUEST_URI=/pruebacantv/index.php?r=gii/crud/index
HTTP_REFERER=http://localhost/pruebacantv/index.php?r=gii/crud/index
---
2015/10/29 04:32:47 [error] [exception.CException] exception 'CException' with message 'Alias "applicacion.modules.Usuario.models.Trabajador" is invalid. Make sure it points to an existing directory or file.' in C:\wamp\www\yii\framework\YiiBase.php:348
Stack trace:
#0 C:\wamp\www\yii\framework\gii\generators\crud\CrudCode.php(59): YiiBase::import('applicacion.mod...', true)
#1 C:\wamp\www\yii\framework\validators\CInlineValidator.php(42): CrudCode->validateModel('model', Array)
#2 C:\wamp\www\yii\framework\validators\CValidator.php(201): CInlineValidator->validateAttribute(Object(CrudCode), 'model')
#3 C:\wamp\www\yii\framework\base\CModel.php(159): CValidator->validate(Object(CrudCode), NULL)
#4 C:\wamp\www\yii\framework\gii\CCodeGenerator.php(159): CModel->validate()
#5 C:\wamp\www\yii\framework\gii\CCodeGenerator.php(63): CCodeGenerator->prepare()
#6 C:\wamp\www\yii\framework\web\actions\CInlineAction.php(49): CCodeGenerator->actionIndex()
#7 C:\wamp\www\yii\framework\web\CController.php(308): CInlineAction->runWithParams(Array)
#8 C:\wamp\www\yii\framework\web\CController.php(286): CController->runAction(Object(CInlineAction))
#9 C:\wamp\www\yii\framework\web\CController.php(265): CController->runActionWithFilters(Object(CInlineAction), Array)
#10 C:\wamp\www\yii\framework\web\CWebApplication.php(282): CController->run('index')
#11 C:\wamp\www\yii\framework\web\CWebApplication.php(141): CWebApplication->runController('gii/crud/index')
#12 C:\wamp\www\yii\framework\base\CApplication.php(184): CWebApplication->processRequest()
#13 C:\wamp\www\pruebacantv\index.php(13): CApplication->run()
#14 {main}
REQUEST_URI=/pruebacantv/index.php?r=gii/crud/index
HTTP_REFERER=http://localhost/pruebacantv/index.php?r=gii/crud/index
---
2015/10/29 04:47:32 [error] [exception.CHttpException.404] exception 'CHttpException' with message 'The system is unable to find the requested action "trabajador".' in C:\wamp\www\yii\framework\web\CController.php:483
Stack trace:
#0 C:\wamp\www\yii\framework\web\CController.php(270): CController->missingAction('trabajador')
#1 C:\wamp\www\yii\framework\web\CWebApplication.php(282): CController->run('trabajador')
#2 C:\wamp\www\yii\framework\web\CWebApplication.php(141): CWebApplication->runController('site/trabajador')
#3 C:\wamp\www\yii\framework\base\CApplication.php(184): CWebApplication->processRequest()
#4 C:\wamp\www\pruebacantv\index.php(13): CApplication->run()
#5 {main}
REQUEST_URI=/pruebacantv/index.php?r=site/trabajador
---
2015/10/29 04:51:41 [error] [exception.CHttpException.403] exception 'CHttpException' with message 'You are not authorized to perform this action.' in C:\wamp\www\yii\framework\web\auth\CAccessControlFilter.php:182
Stack trace:
#0 C:\wamp\www\yii\framework\web\auth\CAccessControlFilter.php(145): CAccessControlFilter->accessDenied(Object(CWebUser), 'You are not aut...')
#1 C:\wamp\www\yii\framework\web\filters\CFilter.php(38): CAccessControlFilter->preFilter(Object(CFilterChain))
#2 C:\wamp\www\yii\framework\web\CController.php(1145): CFilter->filter(Object(CFilterChain))
#3 C:\wamp\www\yii\framework\web\filters\CInlineFilter.php(58): CController->filterAccessControl(Object(CFilterChain))
#4 C:\wamp\www\yii\framework\web\filters\CFilterChain.php(130): CInlineFilter->filter(Object(CFilterChain))
#5 C:\wamp\www\yii\framework\web\CController.php(291): CFilterChain->run()
#6 C:\wamp\www\yii\framework\web\CController.php(265): CController->runActionWithFilters(Object(CInlineAction), Array)
#7 C:\wamp\www\yii\framework\web\CWebApplication.php(282): CController->run('admin')
#8 C:\wamp\www\yii\framework\web\CWebApplication.php(141): CWebApplication->runController('trabajador/admi...')
#9 C:\wamp\www\yii\framework\base\CApplication.php(184): CWebApplication->processRequest()
#10 C:\wamp\www\pruebacantv\index.php(13): CApplication->run()
#11 {main}
REQUEST_URI=/pruebacantv/index.php?r=trabajador/admin
HTTP_REFERER=http://localhost/pruebacantv/index.php?r=trabajador/index
---
2015/10/29 04:52:04 [error] [exception.CHttpException.403] exception 'CHttpException' with message 'You are not authorized to perform this action.' in C:\wamp\www\yii\framework\web\auth\CAccessControlFilter.php:182
Stack trace:
#0 C:\wamp\www\yii\framework\web\auth\CAccessControlFilter.php(145): CAccessControlFilter->accessDenied(Object(CWebUser), 'You are not aut...')
#1 C:\wamp\www\yii\framework\web\filters\CFilter.php(38): CAccessControlFilter->preFilter(Object(CFilterChain))
#2 C:\wamp\www\yii\framework\web\CController.php(1145): CFilter->filter(Object(CFilterChain))
#3 C:\wamp\www\yii\framework\web\filters\CInlineFilter.php(58): CController->filterAccessControl(Object(CFilterChain))
#4 C:\wamp\www\yii\framework\web\filters\CFilterChain.php(130): CInlineFilter->filter(Object(CFilterChain))
#5 C:\wamp\www\yii\framework\web\CController.php(291): CFilterChain->run()
#6 C:\wamp\www\yii\framework\web\CController.php(265): CController->runActionWithFilters(Object(CInlineAction), Array)
#7 C:\wamp\www\yii\framework\web\CWebApplication.php(282): CController->run('admin')
#8 C:\wamp\www\yii\framework\web\CWebApplication.php(141): CWebApplication->runController('trabajador/admi...')
#9 C:\wamp\www\yii\framework\base\CApplication.php(184): CWebApplication->processRequest()
#10 C:\wamp\www\pruebacantv\index.php(13): CApplication->run()
#11 {main}
REQUEST_URI=/pruebacantv/index.php?r=trabajador/admin
HTTP_REFERER=http://localhost/pruebacantv/index.php?r=trabajador/index
---
2015/10/29 04:52:22 [error] [exception.CHttpException.403] exception 'CHttpException' with message 'You are not authorized to perform this action.' in C:\wamp\www\yii\framework\web\auth\CAccessControlFilter.php:182
Stack trace:
#0 C:\wamp\www\yii\framework\web\auth\CAccessControlFilter.php(145): CAccessControlFilter->accessDenied(Object(CWebUser), 'You are not aut...')
#1 C:\wamp\www\yii\framework\web\filters\CFilter.php(38): CAccessControlFilter->preFilter(Object(CFilterChain))
#2 C:\wamp\www\yii\framework\web\CController.php(1145): CFilter->filter(Object(CFilterChain))
#3 C:\wamp\www\yii\framework\web\filters\CInlineFilter.php(58): CController->filterAccessControl(Object(CFilterChain))
#4 C:\wamp\www\yii\framework\web\filters\CFilterChain.php(130): CInlineFilter->filter(Object(CFilterChain))
#5 C:\wamp\www\yii\framework\web\CController.php(291): CFilterChain->run()
#6 C:\wamp\www\yii\framework\web\CController.php(265): CController->runActionWithFilters(Object(CInlineAction), Array)
#7 C:\wamp\www\yii\framework\web\CWebApplication.php(282): CController->run('admin')
#8 C:\wamp\www\yii\framework\web\CWebApplication.php(141): CWebApplication->runController('trabajador/admi...')
#9 C:\wamp\www\yii\framework\base\CApplication.php(184): CWebApplication->processRequest()
#10 C:\wamp\www\pruebacantv\index.php(13): CApplication->run()
#11 {main}
REQUEST_URI=/pruebacantv/index.php?r=trabajador/admin
HTTP_REFERER=http://localhost/pruebacantv/index.php?r=trabajador/update&id=123523
---
2015/10/29 04:58:47 [error] [exception.CException] exception 'CException' with message 'Property "Trabajador.cedula" is not defined.' in C:\wamp\www\yii\framework\base\CComponent.php:130
Stack trace:
#0 C:\wamp\www\yii\framework\db\ar\CActiveRecord.php(145): CComponent->__get('cedula')
#1 C:\wamp\www\yii\framework\web\helpers\CHtml.php(2729): CActiveRecord->__get('cedula')
#2 C:\wamp\www\yii\framework\web\helpers\CHtml.php(2452): CHtml::resolveValue(Object(Trabajador), 'cedula')
#3 C:\wamp\www\yii\framework\web\helpers\CHtml.php(1534): CHtml::activeInputField('text', Object(Trabajador), 'cedula', Array)
#4 C:\wamp\www\yii\framework\zii\widgets\grid\CDataColumn.php(104): CHtml::activeTextField(Object(Trabajador), 'cedula', Array)
#5 C:\wamp\www\yii\framework\zii\widgets\grid\CGridColumn.php(253): CDataColumn->getFilterCellContent()
#6 C:\wamp\www\yii\framework\zii\widgets\grid\CGridColumn.php(119): CGridColumn->renderFilterCellContent()
#7 C:\wamp\www\yii\framework\zii\widgets\grid\CGridView.php(538): CGridColumn->renderFilterCell()
#8 C:\wamp\www\yii\framework\zii\widgets\grid\CGridView.php(516): CGridView->renderFilter()
#9 C:\wamp\www\yii\framework\zii\widgets\grid\CGridView.php(486): CGridView->renderTableHeader()
#10 C:\wamp\www\yii\framework\zii\widgets\CBaseListView.php(181): CGridView->renderItems()
#11 [internal function]: CBaseListView->renderSection(Array)
#12 C:\wamp\www\yii\framework\zii\widgets\CBaseListView.php(164): preg_replace_callback('/{(\\w+)}/', Array, '{summary}\n{item...')
#13 C:\wamp\www\yii\framework\zii\widgets\CBaseListView.php(149): CBaseListView->renderContent()
#14 C:\wamp\www\yii\framework\web\CBaseController.php(181): CBaseListView->run()
#15 C:\wamp\www\pruebacantv\protected\views\trabajador\admin.php(54): CBaseController->widget('zii.widgets.gri...', Array)
#16 C:\wamp\www\yii\framework\web\CBaseController.php(126): require('C:\\wamp\\www\\pru...')
#17 C:\wamp\www\yii\framework\web\CBaseController.php(95): CBaseController->renderInternal('C:\\wamp\\www\\pru...', Array, true)
#18 C:\wamp\www\yii\framework\web\CController.php(869): CBaseController->renderFile('C:\\wamp\\www\\pru...', Array, true)
#19 C:\wamp\www\yii\framework\web\CController.php(782): CController->renderPartial('admin', Array, true)
#20 C:\wamp\www\pruebacantv\protected\controllers\TrabajadorController.php(143): CController->render('admin', Array)
#21 C:\wamp\www\yii\framework\web\actions\CInlineAction.php(49): TrabajadorController->actionAdmin()
#22 C:\wamp\www\yii\framework\web\CController.php(308): CInlineAction->runWithParams(Array)
#23 C:\wamp\www\yii\framework\web\filters\CFilterChain.php(133): CController->runAction(Object(CInlineAction))
#24 C:\wamp\www\yii\framework\web\filters\CFilter.php(40): CFilterChain->run()
#25 C:\wamp\www\yii\framework\web\CController.php(1145): CFilter->filter(Object(CFilterChain))
#26 C:\wamp\www\yii\framework\web\filters\CInlineFilter.php(58): CController->filterAccessControl(Object(CFilterChain))
#27 C:\wamp\www\yii\framework\web\filters\CFilterChain.php(130): CInlineFilter->filter(Object(CFilterChain))
#28 C:\wamp\www\yii\framework\web\CController.php(291): CFilterChain->run()
#29 C:\wamp\www\yii\framework\web\CController.php(265): CController->runActionWithFilters(Object(CInlineAction), Array)
#30 C:\wamp\www\yii\framework\web\CWebApplication.php(282): CController->run('admin')
#31 C:\wamp\www\yii\framework\web\CWebApplication.php(141): CWebApplication->runController('trabajador/admi...')
#32 C:\wamp\www\yii\framework\base\CApplication.php(184): CWebApplication->processRequest()
#33 C:\wamp\www\pruebacantv\index.php(13): CApplication->run()
#34 {main}
REQUEST_URI=/pruebacantv/index.php?r=trabajador/admin
HTTP_REFERER=http://localhost/pruebacantv/index.php?r=trabajador/index
---
2015/10/29 05:44:09 [error] [exception.CDbException] exception 'CDbException' with message 'CDbConnection failed to open the DB connection: SQLSTATE[08006] [7] timeout expired' in C:\wamp\www\yii\framework\db\CDbConnection.php:399
Stack trace:
#0 C:\wamp\www\yii\framework\db\CDbConnection.php(347): CDbConnection->open()
#1 C:\wamp\www\yii\framework\db\CDbConnection.php(325): CDbConnection->setActive(true)
#2 C:\wamp\www\yii\framework\base\CModule.php(394): CDbConnection->init()
#3 C:\wamp\www\yii\framework\base\CApplication.php(458): CModule->getComponent('db')
#4 C:\wamp\www\yii\framework\db\ar\CActiveRecord.php(637): CApplication->getDb()
#5 C:\wamp\www\yii\framework\db\ar\CActiveRecord.php(670): CActiveRecord->getDbConnection()
#6 C:\wamp\www\yii\framework\db\ar\CActiveRecord.php(1601): CActiveRecord->getCommandBuilder()
#7 C:\wamp\www\yii\framework\web\CActiveDataProvider.php(228): CActiveRecord->count(Object(CDbCriteria))
#8 C:\wamp\www\yii\framework\web\CDataProvider.php(224): CActiveDataProvider->calculateTotalItemCount()
#9 C:\wamp\www\yii\framework\web\CActiveDataProvider.php(178): CDataProvider->getTotalItemCount()
#10 C:\wamp\www\yii\framework\web\CDataProvider.php(168): CActiveDataProvider->fetchData()
#11 C:\wamp\www\yii\framework\zii\widgets\CBaseListView.php(125): CDataProvider->getData()
#12 C:\wamp\www\yii\framework\zii\widgets\CListView.php(211): CBaseListView->init()
#13 C:\wamp\www\yii\framework\web\CBaseController.php(147): CListView->init()
#14 C:\wamp\www\yii\framework\web\CBaseController.php(180): CBaseController->createWidget('zii.widgets.CLi...', Array)
#15 C:\wamp\www\pruebacantv\protected\views\trabajador\index.php(20): CBaseController->widget('zii.widgets.CLi...', Array)
#16 C:\wamp\www\yii\framework\web\CBaseController.php(126): require('C:\\wamp\\www\\pru...')
#17 C:\wamp\www\yii\framework\web\CBaseController.php(95): CBaseController->renderInternal('C:\\wamp\\www\\pru...', Array, true)
#18 C:\wamp\www\yii\framework\web\CController.php(869): CBaseController->renderFile('C:\\wamp\\www\\pru...', Array, true)
#19 C:\wamp\www\yii\framework\web\CController.php(782): CController->renderPartial('index', Array, true)
#20 C:\wamp\www\pruebacantv\protected\controllers\TrabajadorController.php(128): CController->render('index', Array)
#21 C:\wamp\www\yii\framework\web\actions\CInlineAction.php(49): TrabajadorController->actionIndex()
#22 C:\wamp\www\yii\framework\web\CController.php(308): CInlineAction->runWithParams(Array)
#23 C:\wamp\www\yii\framework\web\filters\CFilterChain.php(133): CController->runAction(Object(CInlineAction))
#24 C:\wamp\www\yii\framework\web\filters\CFilter.php(40): CFilterChain->run()
#25 C:\wamp\www\yii\framework\web\CController.php(1145): CFilter->filter(Object(CFilterChain))
#26 C:\wamp\www\yii\framework\web\filters\CInlineFilter.php(58): CController->filterAccessControl(Object(CFilterChain))
#27 C:\wamp\www\yii\framework\web\filters\CFilterChain.php(130): CInlineFilter->filter(Object(CFilterChain))
#28 C:\wamp\www\yii\framework\web\CController.php(291): CFilterChain->run()
#29 C:\wamp\www\yii\framework\web\CController.php(265): CController->runActionWithFilters(Object(CInlineAction), Array)
#30 C:\wamp\www\yii\framework\web\CWebApplication.php(282): CController->run('index')
#31 C:\wamp\www\yii\framework\web\CWebApplication.php(141): CWebApplication->runController('trabajador/inde...')
#32 C:\wamp\www\yii\framework\base\CApplication.php(184): CWebApplication->processRequest()
#33 C:\wamp\www\pruebacantv\index.php(13): CApplication->run()
#34 {main}
REQUEST_URI=/pruebacantv/index.php?r=trabajador/index
HTTP_REFERER=http://localhost/pruebacantv/index.php?r=trabajador/admin
---
2015/10/29 05:44:45 [error] [exception.CDbException] exception 'CDbException' with message 'CDbConnection failed to open the DB connection: SQLSTATE[08006] [7] timeout expired' in C:\wamp\www\yii\framework\db\CDbConnection.php:399
Stack trace:
#0 C:\wamp\www\yii\framework\db\CDbConnection.php(347): CDbConnection->open()
#1 C:\wamp\www\yii\framework\db\CDbConnection.php(325): CDbConnection->setActive(true)
#2 C:\wamp\www\yii\framework\base\CModule.php(394): CDbConnection->init()
#3 C:\wamp\www\yii\framework\base\CApplication.php(458): CModule->getComponent('db')
#4 C:\wamp\www\yii\framework\db\ar\CActiveRecord.php(637): CApplication->getDb()
#5 C:\wamp\www\yii\framework\db\ar\CActiveRecord.php(670): CActiveRecord->getDbConnection()
#6 C:\wamp\www\yii\framework\db\ar\CActiveRecord.php(1601): CActiveRecord->getCommandBuilder()
#7 C:\wamp\www\yii\framework\web\CActiveDataProvider.php(228): CActiveRecord->count(Object(CDbCriteria))
#8 C:\wamp\www\yii\framework\web\CDataProvider.php(224): CActiveDataProvider->calculateTotalItemCount()
#9 C:\wamp\www\yii\framework\web\CActiveDataProvider.php(178): CDataProvider->getTotalItemCount()
#10 C:\wamp\www\yii\framework\web\CDataProvider.php(168): CActiveDataProvider->fetchData()
#11 C:\wamp\www\yii\framework\zii\widgets\CBaseListView.php(125): CDataProvider->getData()
#12 C:\wamp\www\yii\framework\zii\widgets\CListView.php(211): CBaseListView->init()
#13 C:\wamp\www\yii\framework\web\CBaseController.php(147): CListView->init()
#14 C:\wamp\www\yii\framework\web\CBaseController.php(180): CBaseController->createWidget('zii.widgets.CLi...', Array)
#15 C:\wamp\www\pruebacantv\protected\views\trabajador\index.php(20): CBaseController->widget('zii.widgets.CLi...', Array)
#16 C:\wamp\www\yii\framework\web\CBaseController.php(126): require('C:\\wamp\\www\\pru...')
#17 C:\wamp\www\yii\framework\web\CBaseController.php(95): CBaseController->renderInternal('C:\\wamp\\www\\pru...', Array, true)
#18 C:\wamp\www\yii\framework\web\CController.php(869): CBaseController->renderFile('C:\\wamp\\www\\pru...', Array, true)
#19 C:\wamp\www\yii\framework\web\CController.php(782): CController->renderPartial('index', Array, true)
#20 C:\wamp\www\pruebacantv\protected\controllers\TrabajadorController.php(128): CController->render('index', Array)
#21 C:\wamp\www\yii\framework\web\actions\CInlineAction.php(49): TrabajadorController->actionIndex()
#22 C:\wamp\www\yii\framework\web\CController.php(308): CInlineAction->runWithParams(Array)
#23 C:\wamp\www\yii\framework\web\filters\CFilterChain.php(133): CController->runAction(Object(CInlineAction))
#24 C:\wamp\www\yii\framework\web\filters\CFilter.php(40): CFilterChain->run()
#25 C:\wamp\www\yii\framework\web\CController.php(1145): CFilter->filter(Object(CFilterChain))
#26 C:\wamp\www\yii\framework\web\filters\CInlineFilter.php(58): CController->filterAccessControl(Object(CFilterChain))
#27 C:\wamp\www\yii\framework\web\filters\CFilterChain.php(130): CInlineFilter->filter(Object(CFilterChain))
#28 C:\wamp\www\yii\framework\web\CController.php(291): CFilterChain->run()
#29 C:\wamp\www\yii\framework\web\CController.php(265): CController->runActionWithFilters(Object(CInlineAction), Array)
#30 C:\wamp\www\yii\framework\web\CWebApplication.php(282): CController->run('index')
#31 C:\wamp\www\yii\framework\web\CWebApplication.php(141): CWebApplication->runController('trabajador/inde...')
#32 C:\wamp\www\yii\framework\base\CApplication.php(184): CWebApplication->processRequest()
#33 C:\wamp\www\pruebacantv\index.php(13): CApplication->run()
#34 {main}
REQUEST_URI=/pruebacantv/index.php?r=trabajador/index
HTTP_REFERER=http://localhost/pruebacantv/index.php?r=trabajador/admin
---
2015/10/29 05:55:08 [error] [exception.CHttpException.404] exception 'CHttpException' with message 'Unable to resolve the request "gii/crud/index".' in C:\wamp\www\yii\framework\web\CWebApplication.php:286
Stack trace:
#0 C:\wamp\www\yii\framework\web\CWebApplication.php(141): CWebApplication->runController('gii/crud/index')
#1 C:\wamp\www\yii\framework\base\CApplication.php(184): CWebApplication->processRequest()
#2 C:\wamp\www\pruebacantv\index.php(13): CApplication->run()
#3 {main}
REQUEST_URI=/pruebacantv/index.php?r=gii/crud/index
---
2015/10/29 05:55:08 [error] [exception.CHttpException.404] exception 'CHttpException' with message 'Unable to resolve the request "gii".' in C:\wamp\www\yii\framework\web\CWebApplication.php:286
Stack trace:
#0 C:\wamp\www\yii\framework\web\CWebApplication.php(141): CWebApplication->runController('gii')
#1 C:\wamp\www\yii\framework\base\CApplication.php(184): CWebApplication->processRequest()
#2 C:\wamp\www\pruebacantv\index.php(13): CApplication->run()
#3 {main}
REQUEST_URI=/pruebacantv/index.php?r=gii
---
2015/10/29 06:06:02 [error] [exception.CHttpException.404] exception 'CHttpException' with message 'Unable to resolve the request "gii".' in C:\wamp\www\yii\framework\web\CWebApplication.php:286
Stack trace:
#0 C:\wamp\www\yii\framework\web\CWebApplication.php(141): CWebApplication->runController('gii')
#1 C:\wamp\www\yii\framework\base\CApplication.php(184): CWebApplication->processRequest()
#2 C:\wamp\www\pruebacantv\index.php(13): CApplication->run()
#3 {main}
REQUEST_URI=/pruebacantv/index.php?r=gii
---
2015/10/29 06:12:16 [error] [exception.CHttpException.404] exception 'CHttpException' with message 'Unable to resolve the request "gii/crud/index".' in C:\wamp\www\yii\framework\web\CWebApplication.php:286
Stack trace:
#0 C:\wamp\www\yii\framework\web\CWebApplication.php(141): CWebApplication->runController('gii/crud/index')
#1 C:\wamp\www\yii\framework\base\CApplication.php(184): CWebApplication->processRequest()
#2 C:\wamp\www\pruebacantv\index.php(13): CApplication->run()
#3 {main}
REQUEST_URI=/pruebacantv/index.php?r=gii/crud/index
HTTP_REFERER=http://localhost/pruebacantv/index.php?r=gii/crud/index
---
2015/10/29 06:12:21 [error] [exception.CHttpException.404] exception 'CHttpException' with message 'Unable to resolve the request "gii".' in C:\wamp\www\yii\framework\web\CWebApplication.php:286
Stack trace:
#0 C:\wamp\www\yii\framework\web\CWebApplication.php(141): CWebApplication->runController('gii')
#1 C:\wamp\www\yii\framework\base\CApplication.php(184): CWebApplication->processRequest()
#2 C:\wamp\www\pruebacantv\index.php(13): CApplication->run()
#3 {main}
REQUEST_URI=/pruebacantv/index.php?r=gii
---
2015/10/29 06:39:37 [error] [exception.CException] exception 'CException' with message 'Property "CWebUser.request" is not defined.' in C:\wamp\www\yii\framework\base\CComponent.php:130
Stack trace:
#0 C:\wamp\www\yii\framework\web\auth\CWebUser.php(146): CComponent->__get('request')
#1 C:\wamp\www\pruebacantv\protected\controllers\SiteController.php(95): CWebUser->__get('request')
#2 C:\wamp\www\yii\framework\web\actions\CInlineAction.php(49): SiteController->actionLogin()
#3 C:\wamp\www\yii\framework\web\CController.php(308): CInlineAction->runWithParams(Array)
#4 C:\wamp\www\yii\framework\web\CController.php(286): CController->runAction(Object(CInlineAction))
#5 C:\wamp\www\yii\framework\web\CController.php(265): CController->runActionWithFilters(Object(CInlineAction), Array)
#6 C:\wamp\www\yii\framework\web\CWebApplication.php(282): CController->run('login')
#7 C:\wamp\www\yii\framework\web\CWebApplication.php(141): CWebApplication->runController('site/login')
#8 C:\wamp\www\yii\framework\base\CApplication.php(184): CWebApplication->processRequest()
#9 C:\wamp\www\pruebacantv\index.php(13): CApplication->run()
#10 {main}
REQUEST_URI=/pruebacantv/index.php?r=site/login
HTTP_REFERER=http://localhost/pruebacantv/index.php?r=site/login
---
2015/10/29 06:43:34 [error] [exception.CException] exception 'CException' with message 'Property "LoginForm.Recordarme" is not defined.' in C:\wamp\www\yii\framework\base\CComponent.php:130
Stack trace:
#0 C:\wamp\www\yii\framework\web\helpers\CHtml.php(2729): CComponent->__get('Recordarme')
#1 C:\wamp\www\yii\framework\web\helpers\CHtml.php(1923): CHtml::resolveValue(Object(LoginForm), 'Recordarme')
#2 C:\wamp\www\yii\framework\web\widgets\CActiveForm.php(898): CHtml::activeCheckBox(Object(LoginForm), 'Recordarme', Array)
#3 C:\wamp\www\pruebacantv\protected\views\site\login.php(43): CActiveForm->checkBox(Object(LoginForm), 'Recordarme')
#4 C:\wamp\www\yii\framework\web\CBaseController.php(126): require('C:\\wamp\\www\\pru...')
#5 C:\wamp\www\yii\framework\web\CBaseController.php(95): CBaseController->renderInternal('C:\\wamp\\www\\pru...', Array, true)
#6 C:\wamp\www\yii\framework\web\CController.php(869): CBaseController->renderFile('C:\\wamp\\www\\pru...', Array, true)
#7 C:\wamp\www\yii\framework\web\CController.php(782): CController->renderPartial('login', Array, true)
#8 C:\wamp\www\pruebacantv\protected\controllers\SiteController.php(98): CController->render('login', Array)
#9 C:\wamp\www\yii\framework\web\actions\CInlineAction.php(49): SiteController->actionLogin()
#10 C:\wamp\www\yii\framework\web\CController.php(308): CInlineAction->runWithParams(Array)
#11 C:\wamp\www\yii\framework\web\CController.php(286): CController->runAction(Object(CInlineAction))
#12 C:\wamp\www\yii\framework\web\CController.php(265): CController->runActionWithFilters(Object(CInlineAction), Array)
#13 C:\wamp\www\yii\framework\web\CWebApplication.php(282): CController->run('login')
#14 C:\wamp\www\yii\framework\web\CWebApplication.php(141): CWebApplication->runController('site/login')
#15 C:\wamp\www\yii\framework\base\CApplication.php(184): CWebApplication->processRequest()
#16 C:\wamp\www\pruebacantv\index.php(13): CApplication->run()
#17 {main}
REQUEST_URI=/pruebacantv/index.php?r=site/login
HTTP_REFERER=http://localhost/pruebacantv/index.php
---
2015/10/29 06:43:37 [error] [exception.CException] exception 'CException' with message 'Property "LoginForm.Recordarme" is not defined.' in C:\wamp\www\yii\framework\base\CComponent.php:130
Stack trace:
#0 C:\wamp\www\yii\framework\web\helpers\CHtml.php(2729): CComponent->__get('Recordarme')
#1 C:\wamp\www\yii\framework\web\helpers\CHtml.php(1923): CHtml::resolveValue(Object(LoginForm), 'Recordarme')
#2 C:\wamp\www\yii\framework\web\widgets\CActiveForm.php(898): CHtml::activeCheckBox(Object(LoginForm), 'Recordarme', Array)
#3 C:\wamp\www\pruebacantv\protected\views\site\login.php(43): CActiveForm->checkBox(Object(LoginForm), 'Recordarme')
#4 C:\wamp\www\yii\framework\web\CBaseController.php(126): require('C:\\wamp\\www\\pru...')
#5 C:\wamp\www\yii\framework\web\CBaseController.php(95): CBaseController->renderInternal('C:\\wamp\\www\\pru...', Array, true)
#6 C:\wamp\www\yii\framework\web\CController.php(869): CBaseController->renderFile('C:\\wamp\\www\\pru...', Array, true)
#7 C:\wamp\www\yii\framework\web\CController.php(782): CController->renderPartial('login', Array, true)
#8 C:\wamp\www\pruebacantv\protected\controllers\SiteController.php(98): CController->render('login', Array)
#9 C:\wamp\www\yii\framework\web\actions\CInlineAction.php(49): SiteController->actionLogin()
#10 C:\wamp\www\yii\framework\web\CController.php(308): CInlineAction->runWithParams(Array)
#11 C:\wamp\www\yii\framework\web\CController.php(286): CController->runAction(Object(CInlineAction))
#12 C:\wamp\www\yii\framework\web\CController.php(265): CController->runActionWithFilters(Object(CInlineAction), Array)
#13 C:\wamp\www\yii\framework\web\CWebApplication.php(282): CController->run('login')
#14 C:\wamp\www\yii\framework\web\CWebApplication.php(141): CWebApplication->runController('site/login')
#15 C:\wamp\www\yii\framework\base\CApplication.php(184): CWebApplication->processRequest()
#16 C:\wamp\www\pruebacantv\index.php(13): CApplication->run()
#17 {main}
REQUEST_URI=/pruebacantv/index.php?r=site/login
HTTP_REFERER=http://localhost/pruebacantv/index.php
---
2015/10/29 06:43:42 [error] [exception.CException] exception 'CException' with message 'Property "LoginForm.Recordarme" is not defined.' in C:\wamp\www\yii\framework\base\CComponent.php:130
Stack trace:
#0 C:\wamp\www\yii\framework\web\helpers\CHtml.php(2729): CComponent->__get('Recordarme')
#1 C:\wamp\www\yii\framework\web\helpers\CHtml.php(1923): CHtml::resolveValue(Object(LoginForm), 'Recordarme')
#2 C:\wamp\www\yii\framework\web\widgets\CActiveForm.php(898): CHtml::activeCheckBox(Object(LoginForm), 'Recordarme', Array)
#3 C:\wamp\www\pruebacantv\protected\views\site\login.php(43): CActiveForm->checkBox(Object(LoginForm), 'Recordarme')
#4 C:\wamp\www\yii\framework\web\CBaseController.php(126): require('C:\\wamp\\www\\pru...')
#5 C:\wamp\www\yii\framework\web\CBaseController.php(95): CBaseController->renderInternal('C:\\wamp\\www\\pru...', Array, true)
#6 C:\wamp\www\yii\framework\web\CController.php(869): CBaseController->renderFile('C:\\wamp\\www\\pru...', Array, true)
#7 C:\wamp\www\yii\framework\web\CController.php(782): CController->renderPartial('login', Array, true)
#8 C:\wamp\www\pruebacantv\protected\controllers\SiteController.php(98): CController->render('login', Array)
#9 C:\wamp\www\yii\framework\web\actions\CInlineAction.php(49): SiteController->actionLogin()
#10 C:\wamp\www\yii\framework\web\CController.php(308): CInlineAction->runWithParams(Array)
#11 C:\wamp\www\yii\framework\web\CController.php(286): CController->runAction(Object(CInlineAction))
#12 C:\wamp\www\yii\framework\web\CController.php(265): CController->runActionWithFilters(Object(CInlineAction), Array)
#13 C:\wamp\www\yii\framework\web\CWebApplication.php(282): CController->run('login')
#14 C:\wamp\www\yii\framework\web\CWebApplication.php(141): CWebApplication->runController('site/login')
#15 C:\wamp\www\yii\framework\base\CApplication.php(184): CWebApplication->processRequest()
#16 C:\wamp\www\pruebacantv\index.php(13): CApplication->run()
#17 {main}
REQUEST_URI=/pruebacantv/index.php?r=site/login
HTTP_REFERER=http://localhost/pruebacantv/index.php?r=site/contact
---
2015/10/29 06:43:51 [error] [exception.CException] exception 'CException' with message 'Property "LoginForm.Recordarme" is not defined.' in C:\wamp\www\yii\framework\base\CComponent.php:130
Stack trace:
#0 C:\wamp\www\yii\framework\web\helpers\CHtml.php(2729): CComponent->__get('Recordarme')
#1 C:\wamp\www\yii\framework\web\helpers\CHtml.php(1923): CHtml::resolveValue(Object(LoginForm), 'Recordarme')
#2 C:\wamp\www\yii\framework\web\widgets\CActiveForm.php(898): CHtml::activeCheckBox(Object(LoginForm), 'Recordarme', Array)
#3 C:\wamp\www\pruebacantv\protected\views\site\login.php(43): CActiveForm->checkBox(Object(LoginForm), 'Recordarme')
#4 C:\wamp\www\yii\framework\web\CBaseController.php(126): require('C:\\wamp\\www\\pru...')
#5 C:\wamp\www\yii\framework\web\CBaseController.php(95): CBaseController->renderInternal('C:\\wamp\\www\\pru...', Array, true)
#6 C:\wamp\www\yii\framework\web\CController.php(869): CBaseController->renderFile('C:\\wamp\\www\\pru...', Array, true)
#7 C:\wamp\www\yii\framework\web\CController.php(782): CController->renderPartial('login', Array, true)
#8 C:\wamp\www\pruebacantv\protected\controllers\SiteController.php(98): CController->render('login', Array)
#9 C:\wamp\www\yii\framework\web\actions\CInlineAction.php(49): SiteController->actionLogin()
#10 C:\wamp\www\yii\framework\web\CController.php(308): CInlineAction->runWithParams(Array)
#11 C:\wamp\www\yii\framework\web\CController.php(286): CController->runAction(Object(CInlineAction))
#12 C:\wamp\www\yii\framework\web\CController.php(265): CController->runActionWithFilters(Object(CInlineAction), Array)
#13 C:\wamp\www\yii\framework\web\CWebApplication.php(282): CController->run('login')
#14 C:\wamp\www\yii\framework\web\CWebApplication.php(141): CWebApplication->runController('site/login')
#15 C:\wamp\www\yii\framework\base\CApplication.php(184): CWebApplication->processRequest()
#16 C:\wamp\www\pruebacantv\index.php(13): CApplication->run()
#17 {main}
REQUEST_URI=/pruebacantv/index.php?r=site/login
HTTP_REFERER=http://localhost/pruebacantv/index.php?r=site/contact
---
2015/10/29 06:54:58 [error] [exception.CException] exception 'CException' with message 'Property "Trabajador.Cedula" is not defined.' in C:\wamp\www\yii\framework\base\CComponent.php:130
Stack trace:
#0 C:\wamp\www\yii\framework\db\ar\CActiveRecord.php(145): CComponent->__get('Cedula')
#1 C:\wamp\www\yii\framework\web\helpers\CHtml.php(2729): CActiveRecord->__get('Cedula')
#2 C:\wamp\www\yii\framework\web\helpers\CHtml.php(2452): CHtml::resolveValue(Object(Trabajador), 'Cedula')
#3 C:\wamp\www\yii\framework\web\helpers\CHtml.php(1534): CHtml::activeInputField('text', Object(Trabajador), 'Cedula', Array)
#4 C:\wamp\www\yii\framework\zii\widgets\grid\CDataColumn.php(104): CHtml::activeTextField(Object(Trabajador), 'Cedula', Array)
#5 C:\wamp\www\yii\framework\zii\widgets\grid\CGridColumn.php(253): CDataColumn->getFilterCellContent()
#6 C:\wamp\www\yii\framework\zii\widgets\grid\CGridColumn.php(119): CGridColumn->renderFilterCellContent()
#7 C:\wamp\www\yii\framework\zii\widgets\grid\CGridView.php(538): CGridColumn->renderFilterCell()
#8 C:\wamp\www\yii\framework\zii\widgets\grid\CGridView.php(516): CGridView->renderFilter()
#9 C:\wamp\www\yii\framework\zii\widgets\grid\CGridView.php(486): CGridView->renderTableHeader()
#10 C:\wamp\www\yii\framework\zii\widgets\CBaseListView.php(181): CGridView->renderItems()
#11 [internal function]: CBaseListView->renderSection(Array)
#12 C:\wamp\www\yii\framework\zii\widgets\CBaseListView.php(164): preg_replace_callback('/{(\\w+)}/', Array, '{summary}\n{item...')
#13 C:\wamp\www\yii\framework\zii\widgets\CBaseListView.php(149): CBaseListView->renderContent()
#14 C:\wamp\www\yii\framework\web\CBaseController.php(181): CBaseListView->run()
#15 C:\wamp\www\pruebacantv\protected\views\trabajador\admin.php(55): CBaseController->widget('zii.widgets.gri...', Array)
#16 C:\wamp\www\yii\framework\web\CBaseController.php(126): require('C:\\wamp\\www\\pru...')
#17 C:\wamp\www\yii\framework\web\CBaseController.php(95): CBaseController->renderInternal('C:\\wamp\\www\\pru...', Array, true)
#18 C:\wamp\www\yii\framework\web\CController.php(869): CBaseController->renderFile('C:\\wamp\\www\\pru...', Array, true)
#19 C:\wamp\www\yii\framework\web\CController.php(782): CController->renderPartial('admin', Array, true)
#20 C:\wamp\www\pruebacantv\protected\controllers\TrabajadorController.php(143): CController->render('admin', Array)
#21 C:\wamp\www\yii\framework\web\actions\CInlineAction.php(49): TrabajadorController->actionAdmin()
#22 C:\wamp\www\yii\framework\web\CController.php(308): CInlineAction->runWithParams(Array)
#23 C:\wamp\www\yii\framework\web\filters\CFilterChain.php(133): CController->runAction(Object(CInlineAction))
#24 C:\wamp\www\yii\framework\web\filters\CFilter.php(40): CFilterChain->run()
#25 C:\wamp\www\yii\framework\web\CController.php(1145): CFilter->filter(Object(CFilterChain))
#26 C:\wamp\www\yii\framework\web\filters\CInlineFilter.php(58): CController->filterAccessControl(Object(CFilterChain))
#27 C:\wamp\www\yii\framework\web\filters\CFilterChain.php(130): CInlineFilter->filter(Object(CFilterChain))
#28 C:\wamp\www\yii\framework\web\CController.php(291): CFilterChain->run()
#29 C:\wamp\www\yii\framework\web\CController.php(265): CController->runActionWithFilters(Object(CInlineAction), Array)
#30 C:\wamp\www\yii\framework\web\CWebApplication.php(282): CController->run('admin')
#31 C:\wamp\www\yii\framework\web\CWebApplication.php(141): CWebApplication->runController('trabajador/admi...')
#32 C:\wamp\www\yii\framework\base\CApplication.php(184): CWebApplication->processRequest()
#33 C:\wamp\www\pruebacantv\index.php(13): CApplication->run()
#34 {main}
REQUEST_URI=/pruebacantv/index.php?r=trabajador/admin
HTTP_REFERER=http://localhost/pruebacantv/index.php?r=trabajador/update&id=66147
---
